<?xml version="1.0" encoding="UTF-8"?>
<!-- Generated by org.testng.reporters.JUnitReportReporter -->
<testsuite skipped="0" hostname="DESKTOP-45BADEB" name="learnTestNG.TestNGannotations" tests="2" failures="0" timestamp="07 Sep 2019 18:20:34 GMT" time="11.213" errors="0">
  <testcase name="register" time="6.188" classname="learnTestNG.TestNGannotations"/>
  <testcase name="support" time="5.025" classname="learnTestNG.TestNGannotations"/>
</testsuite> <!-- learnTestNG.TestNGannotations -->
