<?xml version="1.0" encoding="UTF-8"?>
<!-- Generated by org.testng.reporters.JUnitReportReporter -->
<testsuite skipped="0" hostname="DESKTOP-45BADEB" name="learnTestNG.FirstProgram" tests="3" failures="0" timestamp="07 Dec 2019 02:53:06 GMT" time="0.029" errors="0">
  <testcase name="program3" time="0.003" classname="learnTestNG.FirstProgram"/>
  <testcase name="program2" time="0.004" classname="learnTestNG.FirstProgram"/>
  <testcase name="program1" time="0.022" classname="learnTestNG.FirstProgram"/>
</testsuite> <!-- learnTestNG.FirstProgram -->
